<?xml version="1.0" encoding="UTF-8"?>
<testng-results ignored="0" total="1" passed="1" failed="0" skipped="0">
  <reporter-output>
  </reporter-output>
  <suite started-at="2023-03-27T19:41:49 IST" name="Suite" finished-at="2023-03-27T19:41:53 IST" duration-ms="4003">
    <groups>
    </groups>
    <test started-at="2023-03-27T19:41:49 IST" name="Test" finished-at="2023-03-27T19:41:53 IST" duration-ms="4003">
      <class name="Test.LaunchBrowser">
        <test-method signature="launch()[pri:0, instance:Test.LaunchBrowser@62230c58]" started-at="2023-03-27T19:41:49 IST" name="launch" finished-at="2023-03-27T19:41:53 IST" duration-ms="3942" status="PASS">
          <reporter-output>
          </reporter-output>
        </test-method> <!-- launch -->
      </class> <!-- Test.LaunchBrowser -->
    </test> <!-- Test -->
  </suite> <!-- Suite -->
</testng-results>
